<?xml version="1.0" encoding="UTF-8"?>
<testng-results skipped="0" failed="1" ignored="0" total="1" passed="0">
  <reporter-output>
  </reporter-output>
  <suite name="Default suite" duration-ms="3357" started-at="2020-12-02T10:05:12 IST" finished-at="2020-12-02T10:05:15 IST">
    <groups>
    </groups>
    <test name="Default test" duration-ms="3357" started-at="2020-12-02T10:05:12 IST" finished-at="2020-12-02T10:05:15 IST">
      <class name="Basics.InvokeChromeBrowser">
        <test-method status="FAIL" signature="launchBrowser()[pri:0, instance:Basics.InvokeChromeBrowser@5d76b067]" name="launchBrowser" duration-ms="3299" started-at="2020-12-02T10:05:12 IST" finished-at="2020-12-02T10:05:15 IST">
          <exception class="org.openqa.selenium.SessionNotCreatedException">
            <message>
              <![CDATA[session not created: This version of ChromeDriver only supports Chrome version 84
Build info: version: '3.141.59', revision: 'e82be7d358', time: '2018-11-14T08:17:03'
System info: host: 'AIPL2807LT03573', ip: '192.168.0.101', os.name: 'Windows 10', os.arch: 'amd64', os.version: '10.0', java.version: '1.8.0_144'
Driver info: driver.version: ChromeDriver
remote stacktrace: Backtrace:
Ordinal0 [0x008C87E3+2852835]
Ordinal0 [0x007B5BB1+1727409]
Ordinal0 [0x0068E4B9+517305]
Ordinal0 [0x00620BA0+68512]
Ordinal0 [0x0061D3A0+54176]
Ordinal0 [0x0063D9F7+186871]
Ordinal0 [0x0063D7FD+186365]
Ordinal0 [0x0063B70B+177931]
Ordinal0 [0x00622584+75140]
Ordinal0 [0x00623650+79440]
Ordinal0 [0x006235E9+79337]
Ordinal0 [0x007CAD5C+1813852]
GetHandleVerifier [0x009EC616+1075574]
GetHandleVerifier [0x009EC367+1074887]
GetHandleVerifier [0x009F7497+1120247]
GetHandleVerifier [0x009ECC16+1077110]
Ordinal0 [0x007C3206+1782278]
Ordinal0 [0x007CC3BB+1819579]
Ordinal0 [0x007CC523+1819939]
Ordinal0 [0x007E2B45+1911621]
BaseThreadInitThunk [0x75C4FA29+25]
RtlGetAppContainerNamedObjectPath [0x775075F4+228]
RtlGetAppContainerNamedObjectPath [0x775075C4+180]
]]>
            </message>
            <full-stacktrace>
              <![CDATA[org.openqa.selenium.SessionNotCreatedException: session not created: This version of ChromeDriver only supports Chrome version 84
Build info: version: '3.141.59', revision: 'e82be7d358', time: '2018-11-14T08:17:03'
System info: host: 'AIPL2807LT03573', ip: '192.168.0.101', os.name: 'Windows 10', os.arch: 'amd64', os.version: '10.0', java.version: '1.8.0_144'
Driver info: driver.version: ChromeDriver
remote stacktrace: Backtrace:
Ordinal0 [0x008C87E3+2852835]
Ordinal0 [0x007B5BB1+1727409]
Ordinal0 [0x0068E4B9+517305]
Ordinal0 [0x00620BA0+68512]
Ordinal0 [0x0061D3A0+54176]
Ordinal0 [0x0063D9F7+186871]
Ordinal0 [0x0063D7FD+186365]
Ordinal0 [0x0063B70B+177931]
Ordinal0 [0x00622584+75140]
Ordinal0 [0x00623650+79440]
Ordinal0 [0x006235E9+79337]
Ordinal0 [0x007CAD5C+1813852]
GetHandleVerifier [0x009EC616+1075574]
GetHandleVerifier [0x009EC367+1074887]
GetHandleVerifier [0x009F7497+1120247]
GetHandleVerifier [0x009ECC16+1077110]
Ordinal0 [0x007C3206+1782278]
Ordinal0 [0x007CC3BB+1819579]
Ordinal0 [0x007CC523+1819939]
Ordinal0 [0x007E2B45+1911621]
BaseThreadInitThunk [0x75C4FA29+25]
RtlGetAppContainerNamedObjectPath [0x775075F4+228]
RtlGetAppContainerNamedObjectPath [0x775075C4+180]

at sun.reflect.NativeConstructorAccessorImpl.newInstance0(Native Method)
at sun.reflect.NativeConstructorAccessorImpl.newInstance(NativeConstructorAccessorImpl.java:62)
at sun.reflect.DelegatingConstructorAccessorImpl.newInstance(DelegatingConstructorAccessorImpl.java:45)
at java.lang.reflect.Constructor.newInstance(Constructor.java:423)
at org.openqa.selenium.remote.W3CHandshakeResponse.lambda$errorHandler$0(W3CHandshakeResponse.java:62)
at org.openqa.selenium.remote.HandshakeResponse.lambda$getResponseFunction$0(HandshakeResponse.java:30)
at org.openqa.selenium.remote.ProtocolHandshake.lambda$createSession$0(ProtocolHandshake.java:126)
at java.util.stream.ReferencePipeline$3$1.accept(ReferencePipeline.java:193)
at java.util.Spliterators$ArraySpliterator.tryAdvance(Spliterators.java:958)
at java.util.stream.ReferencePipeline.forEachWithCancel(ReferencePipeline.java:126)
at java.util.stream.AbstractPipeline.copyIntoWithCancel(AbstractPipeline.java:498)
at java.util.stream.AbstractPipeline.copyInto(AbstractPipeline.java:485)
at java.util.stream.AbstractPipeline.wrapAndCopyInto(AbstractPipeline.java:471)
at java.util.stream.FindOps$FindOp.evaluateSequential(FindOps.java:152)
at java.util.stream.AbstractPipeline.evaluate(AbstractPipeline.java:234)
at java.util.stream.ReferencePipeline.findFirst(ReferencePipeline.java:464)
at org.openqa.selenium.remote.ProtocolHandshake.createSession(ProtocolHandshake.java:128)
at org.openqa.selenium.remote.ProtocolHandshake.createSession(ProtocolHandshake.java:74)
at org.openqa.selenium.remote.HttpCommandExecutor.execute(HttpCommandExecutor.java:136)
at org.openqa.selenium.remote.service.DriverCommandExecutor.execute(DriverCommandExecutor.java:83)
at org.openqa.selenium.remote.RemoteWebDriver.execute(RemoteWebDriver.java:552)
at org.openqa.selenium.remote.RemoteWebDriver.startSession(RemoteWebDriver.java:213)
at org.openqa.selenium.remote.RemoteWebDriver.<init>(RemoteWebDriver.java:131)
at org.openqa.selenium.chrome.ChromeDriver.<init>(ChromeDriver.java:181)
at org.openqa.selenium.chrome.ChromeDriver.<init>(ChromeDriver.java:168)
at org.openqa.selenium.chrome.ChromeDriver.<init>(ChromeDriver.java:123)
at Basics.InvokeChromeBrowser.launchBrowser(InvokeChromeBrowser.java:33)
at sun.reflect.NativeMethodAccessorImpl.invoke0(Native Method)
at sun.reflect.NativeMethodAccessorImpl.invoke(NativeMethodAccessorImpl.java:62)
at sun.reflect.DelegatingMethodAccessorImpl.invoke(DelegatingMethodAccessorImpl.java:43)
at java.lang.reflect.Method.invoke(Method.java:498)
at org.testng.internal.MethodInvocationHelper.invokeMethod(MethodInvocationHelper.java:133)
at org.testng.internal.TestInvoker.invokeMethod(TestInvoker.java:584)
at org.testng.internal.TestInvoker.invokeTestMethod(TestInvoker.java:172)
at org.testng.internal.MethodRunner.runInSequence(MethodRunner.java:46)
at org.testng.internal.TestInvoker$MethodInvocationAgent.invoke(TestInvoker.java:804)
at org.testng.internal.TestInvoker.invokeTestMethods(TestInvoker.java:145)
at org.testng.internal.TestMethodWorker.invokeTestMethods(TestMethodWorker.java:146)
at org.testng.internal.TestMethodWorker.run(TestMethodWorker.java:128)
at java.util.ArrayList.forEach(ArrayList.java:1249)
at org.testng.TestRunner.privateRun(TestRunner.java:770)
at org.testng.TestRunner.run(TestRunner.java:591)
at org.testng.SuiteRunner.runTest(SuiteRunner.java:402)
at org.testng.SuiteRunner.runSequentially(SuiteRunner.java:396)
at org.testng.SuiteRunner.privateRun(SuiteRunner.java:355)
at org.testng.SuiteRunner.run(SuiteRunner.java:304)
at org.testng.SuiteRunnerWorker.runSuite(SuiteRunnerWorker.java:53)
at org.testng.SuiteRunnerWorker.run(SuiteRunnerWorker.java:96)
at org.testng.TestNG.runSuitesSequentially(TestNG.java:1180)
at org.testng.TestNG.runSuitesLocally(TestNG.java:1102)
at org.testng.TestNG.runSuites(TestNG.java:1032)
at org.testng.TestNG.run(TestNG.java:1000)
at org.testng.remote.AbstractRemoteTestNG.run(AbstractRemoteTestNG.java:115)
at org.testng.remote.RemoteTestNG.initAndRun(RemoteTestNG.java:251)
at org.testng.remote.RemoteTestNG.main(RemoteTestNG.java:77)
]]>
            </full-stacktrace>
          </exception> <!-- org.openqa.selenium.SessionNotCreatedException -->
          <reporter-output>
          </reporter-output>
        </test-method> <!-- launchBrowser -->
      </class> <!-- Basics.InvokeChromeBrowser -->
    </test> <!-- Default test -->
  </suite> <!-- Default suite -->
</testng-results>
